<?xml version="1.0" encoding="UTF-8"?>
<testsuite xmlns:xsi="http://www.w3.org/2001/XMLSchema-instance" xsi:noNamespaceSchemaLocation="https://maven.apache.org/surefire/maven-surefire-plugin/xsd/surefire-test-report-3.0.xsd" version="3.0" name="com.example.login.api.LoginApiApplicationTests" time="4.553" tests="1" errors="0" skipped="0" failures="0">
  <properties>
[...]
</properties>
  <testcase name="contextLoads" classname="com.example.login.api.LoginApiApplicationTests" time="0.53">
    <system-out><![CDATA[12:14:50.654 [main] INFO org.springframework.test.context.support.AnnotationConfigContextLoaderUtils -- Could not detect default configuration classes for test class [com.example.login.api.LoginApiApplicationTests]: LoginApiApplicationTests does not declare any static, non-private, non-final, nested classes annotated with @Configuration.
12:14:50.755 [main] INFO org.springframework.boot.test.context.SpringBootTestContextBootstrapper -- Found @SpringBootConfiguration com.example.login.api.LoginApiApplication for test class com.example.login.api.LoginApiApplicationTests

  .   ____          _            __ _ _
 /\\ / ___'_ __ _ _(_)_ __  __ _ \ \ \ \
( ( )\___ | '_ | '_| | '_ \/ _` | \ \ \ \
 \\/  ___)| |_)| | | | | || (_| |  ) ) ) )
  '  |____| .__|_| |_|_| |_\__, | / / / /
 =========|_|==============|___/=/_/_/_/
 :: Spring Boot ::                (v3.2.5)

2024-04-24T12:14:51.140+05:30  INFO 12732 --- [login-api] [           main] c.e.login.api.LoginApiApplicationTests   : Starting LoginApiApplicationTests using Java 17.0.9 with PID 12732 (started by chand in D:\Technical\Jupiter\training\api-login)
2024-04-24T12:14:51.142+05:30  INFO 12732 --- [login-api] [           main] c.e.login.api.LoginApiApplicationTests   : No active profile set, falling back to 1 default profile: "default"
2024-04-24T12:14:51.741+05:30  INFO 12732 --- [login-api] [           main] .s.d.r.c.RepositoryConfigurationDelegate : Bootstrapping Spring Data JPA repositories in DEFAULT mode.
2024-04-24T12:14:51.800+05:30  INFO 12732 --- [login-api] [           main] .s.d.r.c.RepositoryConfigurationDelegate : Finished Spring Data repository scanning in 49 ms. Found 1 JPA repository interface.
2024-04-24T12:14:52.234+05:30  INFO 12732 --- [login-api] [           main] o.hibernate.jpa.internal.util.LogHelper  : HHH000204: Processing PersistenceUnitInfo [name: default]
2024-04-24T12:14:52.285+05:30  INFO 12732 --- [login-api] [           main] org.hibernate.Version                    : HHH000412: Hibernate ORM core version 6.4.4.Final
2024-04-24T12:14:52.324+05:30  INFO 12732 --- [login-api] [           main] o.h.c.internal.RegionFactoryInitiator    : HHH000026: Second-level cache disabled
2024-04-24T12:14:52.549+05:30  INFO 12732 --- [login-api] [           main] o.s.o.j.p.SpringPersistenceUnitInfo      : No LoadTimeWeaver setup: ignoring JPA class transformer
2024-04-24T12:14:52.571+05:30  INFO 12732 --- [login-api] [           main] com.zaxxer.hikari.HikariDataSource       : HikariPool-1 - Starting...
2024-04-24T12:14:52.780+05:30  INFO 12732 --- [login-api] [           main] com.zaxxer.hikari.pool.HikariPool        : HikariPool-1 - Added connection org.postgresql.jdbc.PgConnection@286866cb
2024-04-24T12:14:52.782+05:30  INFO 12732 --- [login-api] [           main] com.zaxxer.hikari.HikariDataSource       : HikariPool-1 - Start completed.
2024-04-24T12:14:52.826+05:30  WARN 12732 --- [login-api] [           main] org.hibernate.orm.deprecation            : HHH90000025: PostgreSQLDialect does not need to be specified explicitly using 'hibernate.dialect' (remove the property setting and it will be selected by default)
2024-04-24T12:14:53.629+05:30  INFO 12732 --- [login-api] [           main] o.h.e.t.j.p.i.JtaPlatformInitiator       : HHH000489: No JTA platform available (set 'hibernate.transaction.jta.platform' to enable JTA platform integration)
Hibernate: create table user_info (id serial not null, email_id varchar(255), name varchar(255), password varchar(255), primary key (id))
2024-04-24T12:14:53.695+05:30  INFO 12732 --- [login-api] [           main] j.LocalContainerEntityManagerFactoryBean : Initialized JPA EntityManagerFactory for persistence unit 'default'
2024-04-24T12:14:54.091+05:30  WARN 12732 --- [login-api] [           main] JpaBaseConfiguration$JpaWebConfiguration : spring.jpa.open-in-view is enabled by default. Therefore, database queries may be performed during view rendering. Explicitly configure spring.jpa.open-in-view to disable this warning
2024-04-24T12:14:54.488+05:30  INFO 12732 --- [login-api] [           main] c.e.login.api.LoginApiApplicationTests   : Started LoginApiApplicationTests in 3.588 seconds (process running for 4.632)
]]></system-out>
  </testcase>
</testsuite>